<?xml version="1.0" encoding="UTF-8"?>
<!-- Generated by org.testng.reporters.JUnitReportReporter -->
<testsuite hostname="DESKTOP-2H6M1BJ" failures="0" tests="9" name="com.amazon.stepdefinitions.ShoeValidation" time="139.291" errors="0" timestamp="31 Mar 2022 13:59:07 GMT" skipped="2">
  <testcase classname="com.amazon.stepdefinitions.ShoeValidation" name="footwear" time="67.386"/>
  <testcase classname="com.amazon.stepdefinitions.ShoeValidation" name="footwear" time="23.956"/>
  <testcase classname="com.amazon.stepdefinitions.ShoeValidation" name="filter" time="7.178"/>
  <testcase classname="com.amazon.stepdefinitions.ShoeValidation" name="filter" time="20.020"/>
  <testcase classname="com.amazon.stepdefinitions.ShoeValidation" name="selection" time="0.435"/>
  <testcase classname="com.amazon.stepdefinitions.ShoeValidation" name="windowhandling" time="0.038"/>
  <testcase classname="com.amazon.stepdefinitions.ShoeValidation" name="dropdown" time="20.278"/>
  <testcase classname="com.amazon.stepdefinitions.ShoeValidation" name="buynow">
    <skipped/>
  </testcase> <!-- buynow -->
  <testcase classname="com.amazon.stepdefinitions.ShoeValidation" name="buynow">
    <skipped/>
  </testcase> <!-- buynow -->
</testsuite> <!-- com.amazon.stepdefinitions.ShoeValidation -->
